Arguments: 
  /usr/local/bin/node /opt/homebrew/Cellar/yarn/1.22.19/libexec/bin/yarn.js install

PATH: 
  /opt/homebrew/bin:/opt/homebrew/sbin:/usr/local/bin:/System/Cryptexes/App/usr/bin:/usr/bin:/bin:/usr/sbin:/sbin:/Users/maks/chrome-extension-react/node_modules/.bin:/Users/maks/.fig/bin:/Users/maks/.local/bin

Yarn version: 
  1.22.19

Node version: 
  18.12.1

Platform: 
  darwin arm64

Trace: 
  SyntaxError: /Users/maks/chrome-extension-react/package.json: Unexpected token } in JSON at position 1007
      at JSON.parse (<anonymous>)
      at /opt/homebrew/Cellar/yarn/1.22.19/libexec/lib/cli.js:1629:59
      at Generator.next (<anonymous>)
      at step (/opt/homebrew/Cellar/yarn/1.22.19/libexec/lib/cli.js:310:30)
      at /opt/homebrew/Cellar/yarn/1.22.19/libexec/lib/cli.js:321:13

npm manifest: 
  {
    "name": "chrome-extention-react",
    "author": "Tarasov Maksim",
    "description": "Fork from Himanshu Batra",
    "version": "2.0.0",
    "main": "index.js",
    "license": "MIT",
    "devDependencies": {
      "@types/chrome": "^0.0.188",
      "@types/react": "^18.0.9",
      "@types/react-dom": "^18.0.4",
      "clean-webpack-plugin": "^4.0.0",
      "copy-webpack-plugin": "^11.0.0",
      "css-loader": "^6.7.1",
      "html-webpack-plugin": "^5.5.0",
      "postcss-loader": "^7.0.0",
      "react": "^18.1.0",
      "react-dom": "^18.1.0",
      "style-loader": "^3.3.1",
      "ts-loader": "^9.3.0",
      "typescript": "^4.6.4",
      "webpack": "^5.72.1",
      "webpack-cli": "^4.9.2",
      "webpack-merge": "^5.8.0"
    },
    "scripts": {
      "watch": "webpack --watch --progress --config webpack.dev.js",
      "build": "webpack --progress --config webpack.prod.js"
    },
    "dependencies": {
      "@types/styled-components": "^5.1.26",
      "autoprefixer": "^10.4.7",
      "react-router-dom": "6.2",
      "styled-components": "^5.3.6",
    }
  }

yarn manifest: 
  No manifest

Lockfile: 
  No lockfile
